Determining if the pthread_create exist failed with the following output:
Change Dir: /home/sky/catkin_ws/build/CMakeFiles/CMakeTmp

Run Build Command:"/usr/bin/make" "cmTC_3170b/fast"
/usr/bin/make -f CMakeFiles/cmTC_3170b.dir/build.make CMakeFiles/cmTC_3170b.dir/build
make[1]: Entering directory '/home/sky/catkin_ws/build/CMakeFiles/CMakeTmp'
Building C object CMakeFiles/cmTC_3170b.dir/CheckSymbolExists.c.o
/usr/lib/ccache/cc    -o CMakeFiles/cmTC_3170b.dir/CheckSymbolExists.c.o   -c /home/sky/catkin_ws/build/CMakeFiles/CMakeTmp/CheckSymbolExists.c
Linking C executable cmTC_3170b
/usr/bin/cmake -E cmake_link_script CMakeFiles/cmTC_3170b.dir/link.txt --verbose=1
/usr/lib/ccache/cc      -rdynamic CMakeFiles/cmTC_3170b.dir/CheckSymbolExists.c.o  -o cmTC_3170b 
CMakeFiles/cmTC_3170b.dir/CheckSymbolExists.c.o: In function `main':
CheckSymbolExists.c:(.text+0x1b): undefined reference to `pthread_create'
collect2: error: ld returned 1 exit status
CMakeFiles/cmTC_3170b.dir/build.make:97: recipe for target 'cmTC_3170b' failed
make[1]: *** [cmTC_3170b] Error 1
make[1]: Leaving directory '/home/sky/catkin_ws/build/CMakeFiles/CMakeTmp'
Makefile:126: recipe for target 'cmTC_3170b/fast' failed
make: *** [cmTC_3170b/fast] Error 2

File /home/sky/catkin_ws/build/CMakeFiles/CMakeTmp/CheckSymbolExists.c:
/* */
#include <pthread.h>

int main(int argc, char** argv)
{
  (void)argv;
#ifndef pthread_create
  return ((int*)(&pthread_create))[argc];
#else
  (void)argc;
  return 0;
#endif
}

Determining if the function pthread_create exists in the pthreads failed with the following output:
Change Dir: /home/sky/catkin_ws/build/CMakeFiles/CMakeTmp

Run Build Command:"/usr/bin/make" "cmTC_91aee/fast"
/usr/bin/make -f CMakeFiles/cmTC_91aee.dir/build.make CMakeFiles/cmTC_91aee.dir/build
make[1]: Entering directory '/home/sky/catkin_ws/build/CMakeFiles/CMakeTmp'
Building C object CMakeFiles/cmTC_91aee.dir/CheckFunctionExists.c.o
/usr/lib/ccache/cc   -DCHECK_FUNCTION_EXISTS=pthread_create   -o CMakeFiles/cmTC_91aee.dir/CheckFunctionExists.c.o   -c /usr/share/cmake-3.10/Modules/CheckFunctionExists.c
Linking C executable cmTC_91aee
/usr/bin/cmake -E cmake_link_script CMakeFiles/cmTC_91aee.dir/link.txt --verbose=1
/usr/lib/ccache/cc  -DCHECK_FUNCTION_EXISTS=pthread_create    -rdynamic CMakeFiles/cmTC_91aee.dir/CheckFunctionExists.c.o  -o cmTC_91aee -lpthreads 
/usr/bin/ld: cannot find -lpthreads
collect2: error: ld returned 1 exit status
CMakeFiles/cmTC_91aee.dir/build.make:97: recipe for target 'cmTC_91aee' failed
make[1]: *** [cmTC_91aee] Error 1
make[1]: Leaving directory '/home/sky/catkin_ws/build/CMakeFiles/CMakeTmp'
Makefile:126: recipe for target 'cmTC_91aee/fast' failed
make: *** [cmTC_91aee/fast] Error 2


